<?xml version="1.0" encoding="UTF-8"?>
<!-- Generated by org.testng.reporters.JUnitReportReporter -->
<testsuite hostname="ravibabuk" failures="0" tests="2" name="testrunner.TestRunner" time="9.251" errors="0" timestamp="2021-08-22T20:45:48 BST" skipped="0">
  <testcase classname="testrunner.TestRunner" name="runScenario" time="4.411"/>
  <system-out/>
  <testcase classname="testrunner.TestRunner" name="runScenario" time="4.840"/>
  <system-out/>
</testsuite> <!-- testrunner.TestRunner -->
